  Renderer2D.cpp
D:\PhySim\PhySim\src\OpenGL\Renderer2D.cpp(256,32): warning C4244: 'argument': conversion from 'float' to 'int', possible loss of data
C:\Program Files (x86)\Microsoft Visual Studio\2019\Community\VC\Tools\MSVC\14.28.29910\include\xutility(138,73): warning C4244: 'argument': conversion from '_Ty' to 'unsigned int', possible loss of data
          with
          [
              _Ty=unsigned __int64
          ]
C:\Program Files (x86)\Microsoft Visual Studio\2019\Community\VC\Tools\MSVC\14.28.29910\include\memory(2186): message : see reference to function template instantiation 'void std::_Construct_in_place<_Ty,unsigned __int64>(_Ty &,unsigned __int64 &&) noexcept(false)' being compiled
          with
          [
              _Ty=PhySim::VertexBuffer
          ]
C:\Program Files (x86)\Microsoft Visual Studio\2019\Community\VC\Tools\MSVC\14.28.29910\include\memory(2906): message : see reference to function template instantiation 'std::_Ref_count_obj2<_Ty>::_Ref_count_obj2<unsigned __int64>(unsigned __int64 &&)' being compiled
          with
          [
              _Ty=PhySim::VertexBuffer
          ]
C:\Program Files (x86)\Microsoft Visual Studio\2019\Community\VC\Tools\MSVC\14.28.29910\include\memory(2907): message : see reference to function template instantiation 'std::_Ref_count_obj2<_Ty>::_Ref_count_obj2<unsigned __int64>(unsigned __int64 &&)' being compiled
          with
          [
              _Ty=PhySim::VertexBuffer
          ]
D:\PhySim\PhySim\src\OpenGL\Renderer2D.cpp(72): message : see reference to function template instantiation 'std::shared_ptr<PhySim::VertexBuffer> std::make_shared<PhySim::VertexBuffer,unsigned __int64>(unsigned __int64 &&)' being compiled
  PhySim.vcxproj -> D:\PhySim\bin\Debug-windows-x86_64\PhySim\PhySim.exe
